<?xml version="1.0" encoding="UTF-8"?>
<testsuite xmlns:xsi="http://www.w3.org/2001/XMLSchema-instance" xsi:noNamespaceSchemaLocation="https://maven.apache.org/surefire/maven-surefire-plugin/xsd/surefire-test-report.xsd" version="3.0.2" name="com.mylab.helloworld3.AppTest" time="0.021" tests="1" errors="0" skipped="0" failures="0">
  <properties>
    <property name="gopherProxySet" value="false"/>
    <property name="awt.toolkit" value="sun.lwawt.macosx.LWCToolkit"/>
    <property name="java.specification.version" value="11"/>
    <property name="sun.cpu.isalist" value=""/>
    <property name="sun.jnu.encoding" value="UTF-8"/>
    <property name="java.class.path" value="/Users/deenadayalanvaradharajan/eclipse-workspace/helloworld3/target/test-classes:/Users/deenadayalanvaradharajan/eclipse-workspace/helloworld3/target/classes:/Users/deenadayalanvaradharajan/.m2/repository/org/springframework/boot/spring-boot-starter-web/3.4.2-SNAPSHOT/spring-boot-starter-web-3.4.2-SNAPSHOT.jar:/Users/deenadayalanvaradharajan/.m2/repository/org/springframework/boot/spring-boot-starter/3.4.2-SNAPSHOT/spring-boot-starter-3.4.2-SNAPSHOT.jar:/Users/deenadayalanvaradharajan/.m2/repository/org/springframework/boot/spring-boot/3.4.2-SNAPSHOT/spring-boot-3.4.2-SNAPSHOT.jar:/Users/deenadayalanvaradharajan/.m2/repository/org/springframework/boot/spring-boot-autoconfigure/3.4.2-SNAPSHOT/spring-boot-autoconfigure-3.4.2-SNAPSHOT.jar:/Users/deenadayalanvaradharajan/.m2/repository/org/springframework/boot/spring-boot-starter-logging/3.4.2-SNAPSHOT/spring-boot-starter-logging-3.4.2-SNAPSHOT.jar:/Users/deenadayalanvaradharajan/.m2/repository/ch/qos/logback/logback-classic/1.5.16/logback-classic-1.5.16.jar:/Users/deenadayalanvaradharajan/.m2/repository/ch/qos/logback/logback-core/1.5.16/logback-core-1.5.16.jar:/Users/deenadayalanvaradharajan/.m2/repository/org/apache/logging/log4j/log4j-to-slf4j/2.24.3/log4j-to-slf4j-2.24.3.jar:/Users/deenadayalanvaradharajan/.m2/repository/org/apache/logging/log4j/log4j-api/2.24.3/log4j-api-2.24.3.jar:/Users/deenadayalanvaradharajan/.m2/repository/org/slf4j/jul-to-slf4j/2.0.16/jul-to-slf4j-2.0.16.jar:/Users/deenadayalanvaradharajan/.m2/repository/jakarta/annotation/jakarta.annotation-api/2.1.1/jakarta.annotation-api-2.1.1.jar:/Users/deenadayalanvaradharajan/.m2/repository/org/yaml/snakeyaml/2.3/snakeyaml-2.3.jar:/Users/deenadayalanvaradharajan/.m2/repository/org/springframework/boot/spring-boot-starter-json/3.4.2-SNAPSHOT/spring-boot-starter-json-3.4.2-SNAPSHOT.jar:/Users/deenadayalanvaradharajan/.m2/repository/com/fasterxml/jackson/core/jackson-databind/2.18.2/jackson-databind-2.18.2.jar:/Users/deenadayalanvaradharajan/.m2/repository/com/fasterxml/jackson/core/jackson-annotations/2.18.2/jackson-annotations-2.18.2.jar:/Users/deenadayalanvaradharajan/.m2/repository/com/fasterxml/jackson/core/jackson-core/2.18.2/jackson-core-2.18.2.jar:/Users/deenadayalanvaradharajan/.m2/repository/com/fasterxml/jackson/datatype/jackson-datatype-jdk8/2.18.2/jackson-datatype-jdk8-2.18.2.jar:/Users/deenadayalanvaradharajan/.m2/repository/com/fasterxml/jackson/datatype/jackson-datatype-jsr310/2.18.2/jackson-datatype-jsr310-2.18.2.jar:/Users/deenadayalanvaradharajan/.m2/repository/com/fasterxml/jackson/module/jackson-module-parameter-names/2.18.2/jackson-module-parameter-names-2.18.2.jar:/Users/deenadayalanvaradharajan/.m2/repository/org/springframework/boot/spring-boot-starter-tomcat/3.4.2-SNAPSHOT/spring-boot-starter-tomcat-3.4.2-SNAPSHOT.jar:/Users/deenadayalanvaradharajan/.m2/repository/org/apache/tomcat/embed/tomcat-embed-core/10.1.34/tomcat-embed-core-10.1.34.jar:/Users/deenadayalanvaradharajan/.m2/repository/org/apache/tomcat/embed/tomcat-embed-el/10.1.34/tomcat-embed-el-10.1.34.jar:/Users/deenadayalanvaradharajan/.m2/repository/org/apache/tomcat/embed/tomcat-embed-websocket/10.1.34/tomcat-embed-websocket-10.1.34.jar:/Users/deenadayalanvaradharajan/.m2/repository/org/springframework/spring-web/6.2.2-SNAPSHOT/spring-web-6.2.2-SNAPSHOT.jar:/Users/deenadayalanvaradharajan/.m2/repository/org/springframework/spring-beans/6.2.2-SNAPSHOT/spring-beans-6.2.2-SNAPSHOT.jar:/Users/deenadayalanvaradharajan/.m2/repository/io/micrometer/micrometer-observation/1.14.3-SNAPSHOT/micrometer-observation-1.14.3-SNAPSHOT.jar:/Users/deenadayalanvaradharajan/.m2/repository/io/micrometer/micrometer-commons/1.14.3-SNAPSHOT/micrometer-commons-1.14.3-SNAPSHOT.jar:/Users/deenadayalanvaradharajan/.m2/repository/org/springframework/spring-webmvc/6.2.2-SNAPSHOT/spring-webmvc-6.2.2-SNAPSHOT.jar:/Users/deenadayalanvaradharajan/.m2/repository/org/springframework/spring-aop/6.2.2-SNAPSHOT/spring-aop-6.2.2-SNAPSHOT.jar:/Users/deenadayalanvaradharajan/.m2/repository/org/springframework/spring-context/6.2.2-SNAPSHOT/spring-context-6.2.2-SNAPSHOT.jar:/Users/deenadayalanvaradharajan/.m2/repository/org/springframework/spring-expression/6.2.2-SNAPSHOT/spring-expression-6.2.2-SNAPSHOT.jar:/Users/deenadayalanvaradharajan/.m2/repository/org/springframework/boot/spring-boot-starter-test/3.4.2-SNAPSHOT/spring-boot-starter-test-3.4.2-SNAPSHOT.jar:/Users/deenadayalanvaradharajan/.m2/repository/org/springframework/boot/spring-boot-test/3.4.2-SNAPSHOT/spring-boot-test-3.4.2-SNAPSHOT.jar:/Users/deenadayalanvaradharajan/.m2/repository/org/springframework/boot/spring-boot-test-autoconfigure/3.4.2-SNAPSHOT/spring-boot-test-autoconfigure-3.4.2-SNAPSHOT.jar:/Users/deenadayalanvaradharajan/.m2/repository/com/jayway/jsonpath/json-path/2.9.0/json-path-2.9.0.jar:/Users/deenadayalanvaradharajan/.m2/repository/org/slf4j/slf4j-api/2.0.16/slf4j-api-2.0.16.jar:/Users/deenadayalanvaradharajan/.m2/repository/jakarta/xml/bind/jakarta.xml.bind-api/4.0.2/jakarta.xml.bind-api-4.0.2.jar:/Users/deenadayalanvaradharajan/.m2/repository/jakarta/activation/jakarta.activation-api/2.1.3/jakarta.activation-api-2.1.3.jar:/Users/deenadayalanvaradharajan/.m2/repository/net/minidev/json-smart/2.5.1/json-smart-2.5.1.jar:/Users/deenadayalanvaradharajan/.m2/repository/net/minidev/accessors-smart/2.5.1/accessors-smart-2.5.1.jar:/Users/deenadayalanvaradharajan/.m2/repository/org/ow2/asm/asm/9.6/asm-9.6.jar:/Users/deenadayalanvaradharajan/.m2/repository/org/assertj/assertj-core/3.26.3/assertj-core-3.26.3.jar:/Users/deenadayalanvaradharajan/.m2/repository/net/bytebuddy/byte-buddy/1.15.11/byte-buddy-1.15.11.jar:/Users/deenadayalanvaradharajan/.m2/repository/org/awaitility/awaitility/4.2.2/awaitility-4.2.2.jar:/Users/deenadayalanvaradharajan/.m2/repository/org/hamcrest/hamcrest/2.2/hamcrest-2.2.jar:/Users/deenadayalanvaradharajan/.m2/repository/org/junit/jupiter/junit-jupiter/5.11.4/junit-jupiter-5.11.4.jar:/Users/deenadayalanvaradharajan/.m2/repository/org/junit/jupiter/junit-jupiter-api/5.11.4/junit-jupiter-api-5.11.4.jar:/Users/deenadayalanvaradharajan/.m2/repository/org/opentest4j/opentest4j/1.3.0/opentest4j-1.3.0.jar:/Users/deenadayalanvaradharajan/.m2/repository/org/junit/platform/junit-platform-commons/1.11.4/junit-platform-commons-1.11.4.jar:/Users/deenadayalanvaradharajan/.m2/repository/org/apiguardian/apiguardian-api/1.1.2/apiguardian-api-1.1.2.jar:/Users/deenadayalanvaradharajan/.m2/repository/org/junit/jupiter/junit-jupiter-params/5.11.4/junit-jupiter-params-5.11.4.jar:/Users/deenadayalanvaradharajan/.m2/repository/org/junit/jupiter/junit-jupiter-engine/5.11.4/junit-jupiter-engine-5.11.4.jar:/Users/deenadayalanvaradharajan/.m2/repository/org/junit/platform/junit-platform-engine/1.11.4/junit-platform-engine-1.11.4.jar:/Users/deenadayalanvaradharajan/.m2/repository/org/mockito/mockito-core/5.14.2/mockito-core-5.14.2.jar:/Users/deenadayalanvaradharajan/.m2/repository/net/bytebuddy/byte-buddy-agent/1.15.11/byte-buddy-agent-1.15.11.jar:/Users/deenadayalanvaradharajan/.m2/repository/org/objenesis/objenesis/3.3/objenesis-3.3.jar:/Users/deenadayalanvaradharajan/.m2/repository/org/mockito/mockito-junit-jupiter/5.14.2/mockito-junit-jupiter-5.14.2.jar:/Users/deenadayalanvaradharajan/.m2/repository/org/skyscreamer/jsonassert/1.5.3/jsonassert-1.5.3.jar:/Users/deenadayalanvaradharajan/.m2/repository/com/vaadin/external/google/android-json/0.0.20131108.vaadin1/android-json-0.0.20131108.vaadin1.jar:/Users/deenadayalanvaradharajan/.m2/repository/org/springframework/spring-core/6.2.2-SNAPSHOT/spring-core-6.2.2-SNAPSHOT.jar:/Users/deenadayalanvaradharajan/.m2/repository/org/springframework/spring-jcl/6.2.2-SNAPSHOT/spring-jcl-6.2.2-SNAPSHOT.jar:/Users/deenadayalanvaradharajan/.m2/repository/org/springframework/spring-test/6.2.2-SNAPSHOT/spring-test-6.2.2-SNAPSHOT.jar:/Users/deenadayalanvaradharajan/.m2/repository/org/xmlunit/xmlunit-core/2.10.0/xmlunit-core-2.10.0.jar:"/>
    <property name="java.vm.vendor" value="Oracle Corporation"/>
    <property name="sun.arch.data.model" value="64"/>
    <property name="java.vendor.url" value="https://openjdk.java.net/"/>
    <property name="user.timezone" value=""/>
    <property name="java.vm.specification.version" value="11"/>
    <property name="os.name" value="Mac OS X"/>
    <property name="sun.java.launcher" value="SUN_STANDARD"/>
    <property name="user.country" value="GB"/>
    <property name="sun.boot.library.path" value="/Users/deenadayalanvaradharajan/Deena/Learning/Java/OracleJDK11/jdk-11.0.25.jdk/Contents/Home/lib"/>
    <property name="sun.java.command" value="/Users/deenadayalanvaradharajan/eclipse-workspace/helloworld3/target/surefire/surefirebooter-20250111195612902_3.jar /Users/deenadayalanvaradharajan/eclipse-workspace/helloworld3/target/surefire 2025-01-11T19-56-12_856-jvmRun1 surefire-20250111195612902_1tmp surefire_0-20250111195612902_2tmp"/>
    <property name="jdk.debug" value="release"/>
    <property name="surefire.test.class.path" value="/Users/deenadayalanvaradharajan/eclipse-workspace/helloworld3/target/test-classes:/Users/deenadayalanvaradharajan/eclipse-workspace/helloworld3/target/classes:/Users/deenadayalanvaradharajan/.m2/repository/org/springframework/boot/spring-boot-starter-web/3.4.2-SNAPSHOT/spring-boot-starter-web-3.4.2-SNAPSHOT.jar:/Users/deenadayalanvaradharajan/.m2/repository/org/springframework/boot/spring-boot-starter/3.4.2-SNAPSHOT/spring-boot-starter-3.4.2-SNAPSHOT.jar:/Users/deenadayalanvaradharajan/.m2/repository/org/springframework/boot/spring-boot/3.4.2-SNAPSHOT/spring-boot-3.4.2-SNAPSHOT.jar:/Users/deenadayalanvaradharajan/.m2/repository/org/springframework/boot/spring-boot-autoconfigure/3.4.2-SNAPSHOT/spring-boot-autoconfigure-3.4.2-SNAPSHOT.jar:/Users/deenadayalanvaradharajan/.m2/repository/org/springframework/boot/spring-boot-starter-logging/3.4.2-SNAPSHOT/spring-boot-starter-logging-3.4.2-SNAPSHOT.jar:/Users/deenadayalanvaradharajan/.m2/repository/ch/qos/logback/logback-classic/1.5.16/logback-classic-1.5.16.jar:/Users/deenadayalanvaradharajan/.m2/repository/ch/qos/logback/logback-core/1.5.16/logback-core-1.5.16.jar:/Users/deenadayalanvaradharajan/.m2/repository/org/apache/logging/log4j/log4j-to-slf4j/2.24.3/log4j-to-slf4j-2.24.3.jar:/Users/deenadayalanvaradharajan/.m2/repository/org/apache/logging/log4j/log4j-api/2.24.3/log4j-api-2.24.3.jar:/Users/deenadayalanvaradharajan/.m2/repository/org/slf4j/jul-to-slf4j/2.0.16/jul-to-slf4j-2.0.16.jar:/Users/deenadayalanvaradharajan/.m2/repository/jakarta/annotation/jakarta.annotation-api/2.1.1/jakarta.annotation-api-2.1.1.jar:/Users/deenadayalanvaradharajan/.m2/repository/org/yaml/snakeyaml/2.3/snakeyaml-2.3.jar:/Users/deenadayalanvaradharajan/.m2/repository/org/springframework/boot/spring-boot-starter-json/3.4.2-SNAPSHOT/spring-boot-starter-json-3.4.2-SNAPSHOT.jar:/Users/deenadayalanvaradharajan/.m2/repository/com/fasterxml/jackson/core/jackson-databind/2.18.2/jackson-databind-2.18.2.jar:/Users/deenadayalanvaradharajan/.m2/repository/com/fasterxml/jackson/core/jackson-annotations/2.18.2/jackson-annotations-2.18.2.jar:/Users/deenadayalanvaradharajan/.m2/repository/com/fasterxml/jackson/core/jackson-core/2.18.2/jackson-core-2.18.2.jar:/Users/deenadayalanvaradharajan/.m2/repository/com/fasterxml/jackson/datatype/jackson-datatype-jdk8/2.18.2/jackson-datatype-jdk8-2.18.2.jar:/Users/deenadayalanvaradharajan/.m2/repository/com/fasterxml/jackson/datatype/jackson-datatype-jsr310/2.18.2/jackson-datatype-jsr310-2.18.2.jar:/Users/deenadayalanvaradharajan/.m2/repository/com/fasterxml/jackson/module/jackson-module-parameter-names/2.18.2/jackson-module-parameter-names-2.18.2.jar:/Users/deenadayalanvaradharajan/.m2/repository/org/springframework/boot/spring-boot-starter-tomcat/3.4.2-SNAPSHOT/spring-boot-starter-tomcat-3.4.2-SNAPSHOT.jar:/Users/deenadayalanvaradharajan/.m2/repository/org/apache/tomcat/embed/tomcat-embed-core/10.1.34/tomcat-embed-core-10.1.34.jar:/Users/deenadayalanvaradharajan/.m2/repository/org/apache/tomcat/embed/tomcat-embed-el/10.1.34/tomcat-embed-el-10.1.34.jar:/Users/deenadayalanvaradharajan/.m2/repository/org/apache/tomcat/embed/tomcat-embed-websocket/10.1.34/tomcat-embed-websocket-10.1.34.jar:/Users/deenadayalanvaradharajan/.m2/repository/org/springframework/spring-web/6.2.2-SNAPSHOT/spring-web-6.2.2-SNAPSHOT.jar:/Users/deenadayalanvaradharajan/.m2/repository/org/springframework/spring-beans/6.2.2-SNAPSHOT/spring-beans-6.2.2-SNAPSHOT.jar:/Users/deenadayalanvaradharajan/.m2/repository/io/micrometer/micrometer-observation/1.14.3-SNAPSHOT/micrometer-observation-1.14.3-SNAPSHOT.jar:/Users/deenadayalanvaradharajan/.m2/repository/io/micrometer/micrometer-commons/1.14.3-SNAPSHOT/micrometer-commons-1.14.3-SNAPSHOT.jar:/Users/deenadayalanvaradharajan/.m2/repository/org/springframework/spring-webmvc/6.2.2-SNAPSHOT/spring-webmvc-6.2.2-SNAPSHOT.jar:/Users/deenadayalanvaradharajan/.m2/repository/org/springframework/spring-aop/6.2.2-SNAPSHOT/spring-aop-6.2.2-SNAPSHOT.jar:/Users/deenadayalanvaradharajan/.m2/repository/org/springframework/spring-context/6.2.2-SNAPSHOT/spring-context-6.2.2-SNAPSHOT.jar:/Users/deenadayalanvaradharajan/.m2/repository/org/springframework/spring-expression/6.2.2-SNAPSHOT/spring-expression-6.2.2-SNAPSHOT.jar:/Users/deenadayalanvaradharajan/.m2/repository/org/springframework/boot/spring-boot-starter-test/3.4.2-SNAPSHOT/spring-boot-starter-test-3.4.2-SNAPSHOT.jar:/Users/deenadayalanvaradharajan/.m2/repository/org/springframework/boot/spring-boot-test/3.4.2-SNAPSHOT/spring-boot-test-3.4.2-SNAPSHOT.jar:/Users/deenadayalanvaradharajan/.m2/repository/org/springframework/boot/spring-boot-test-autoconfigure/3.4.2-SNAPSHOT/spring-boot-test-autoconfigure-3.4.2-SNAPSHOT.jar:/Users/deenadayalanvaradharajan/.m2/repository/com/jayway/jsonpath/json-path/2.9.0/json-path-2.9.0.jar:/Users/deenadayalanvaradharajan/.m2/repository/org/slf4j/slf4j-api/2.0.16/slf4j-api-2.0.16.jar:/Users/deenadayalanvaradharajan/.m2/repository/jakarta/xml/bind/jakarta.xml.bind-api/4.0.2/jakarta.xml.bind-api-4.0.2.jar:/Users/deenadayalanvaradharajan/.m2/repository/jakarta/activation/jakarta.activation-api/2.1.3/jakarta.activation-api-2.1.3.jar:/Users/deenadayalanvaradharajan/.m2/repository/net/minidev/json-smart/2.5.1/json-smart-2.5.1.jar:/Users/deenadayalanvaradharajan/.m2/repository/net/minidev/accessors-smart/2.5.1/accessors-smart-2.5.1.jar:/Users/deenadayalanvaradharajan/.m2/repository/org/ow2/asm/asm/9.6/asm-9.6.jar:/Users/deenadayalanvaradharajan/.m2/repository/org/assertj/assertj-core/3.26.3/assertj-core-3.26.3.jar:/Users/deenadayalanvaradharajan/.m2/repository/net/bytebuddy/byte-buddy/1.15.11/byte-buddy-1.15.11.jar:/Users/deenadayalanvaradharajan/.m2/repository/org/awaitility/awaitility/4.2.2/awaitility-4.2.2.jar:/Users/deenadayalanvaradharajan/.m2/repository/org/hamcrest/hamcrest/2.2/hamcrest-2.2.jar:/Users/deenadayalanvaradharajan/.m2/repository/org/junit/jupiter/junit-jupiter/5.11.4/junit-jupiter-5.11.4.jar:/Users/deenadayalanvaradharajan/.m2/repository/org/junit/jupiter/junit-jupiter-api/5.11.4/junit-jupiter-api-5.11.4.jar:/Users/deenadayalanvaradharajan/.m2/repository/org/opentest4j/opentest4j/1.3.0/opentest4j-1.3.0.jar:/Users/deenadayalanvaradharajan/.m2/repository/org/junit/platform/junit-platform-commons/1.11.4/junit-platform-commons-1.11.4.jar:/Users/deenadayalanvaradharajan/.m2/repository/org/apiguardian/apiguardian-api/1.1.2/apiguardian-api-1.1.2.jar:/Users/deenadayalanvaradharajan/.m2/repository/org/junit/jupiter/junit-jupiter-params/5.11.4/junit-jupiter-params-5.11.4.jar:/Users/deenadayalanvaradharajan/.m2/repository/org/junit/jupiter/junit-jupiter-engine/5.11.4/junit-jupiter-engine-5.11.4.jar:/Users/deenadayalanvaradharajan/.m2/repository/org/junit/platform/junit-platform-engine/1.11.4/junit-platform-engine-1.11.4.jar:/Users/deenadayalanvaradharajan/.m2/repository/org/mockito/mockito-core/5.14.2/mockito-core-5.14.2.jar:/Users/deenadayalanvaradharajan/.m2/repository/net/bytebuddy/byte-buddy-agent/1.15.11/byte-buddy-agent-1.15.11.jar:/Users/deenadayalanvaradharajan/.m2/repository/org/objenesis/objenesis/3.3/objenesis-3.3.jar:/Users/deenadayalanvaradharajan/.m2/repository/org/mockito/mockito-junit-jupiter/5.14.2/mockito-junit-jupiter-5.14.2.jar:/Users/deenadayalanvaradharajan/.m2/repository/org/skyscreamer/jsonassert/1.5.3/jsonassert-1.5.3.jar:/Users/deenadayalanvaradharajan/.m2/repository/com/vaadin/external/google/android-json/0.0.20131108.vaadin1/android-json-0.0.20131108.vaadin1.jar:/Users/deenadayalanvaradharajan/.m2/repository/org/springframework/spring-core/6.2.2-SNAPSHOT/spring-core-6.2.2-SNAPSHOT.jar:/Users/deenadayalanvaradharajan/.m2/repository/org/springframework/spring-jcl/6.2.2-SNAPSHOT/spring-jcl-6.2.2-SNAPSHOT.jar:/Users/deenadayalanvaradharajan/.m2/repository/org/springframework/spring-test/6.2.2-SNAPSHOT/spring-test-6.2.2-SNAPSHOT.jar:/Users/deenadayalanvaradharajan/.m2/repository/org/xmlunit/xmlunit-core/2.10.0/xmlunit-core-2.10.0.jar:"/>
    <property name="sun.cpu.endian" value="little"/>
    <property name="user.home" value="/Users/deenadayalanvaradharajan"/>
    <property name="user.language" value="en"/>
    <property name="java.specification.vendor" value="Oracle Corporation"/>
    <property name="java.version.date" value="2024-10-15"/>
    <property name="java.home" value="/Users/deenadayalanvaradharajan/Deena/Learning/Java/OracleJDK11/jdk-11.0.25.jdk/Contents/Home"/>
    <property name="file.separator" value="/"/>
    <property name="style.color" value="always"/>
    <property name="basedir" value="/Users/deenadayalanvaradharajan/eclipse-workspace/helloworld3"/>
    <property name="java.vm.compressedOopsMode" value="Zero based"/>
    <property name="line.separator" value="&#10;"/>
    <property name="java.specification.name" value="Java Platform API Specification"/>
    <property name="java.vm.specification.vendor" value="Oracle Corporation"/>
    <property name="java.awt.graphicsenv" value="sun.awt.CGraphicsEnvironment"/>
    <property name="surefire.real.class.path" value="/Users/deenadayalanvaradharajan/eclipse-workspace/helloworld3/target/surefire/surefirebooter-20250111195612902_3.jar"/>
    <property name="sun.management.compiler" value="HotSpot 64-Bit Tiered Compilers"/>
    <property name="java.runtime.version" value="11.0.25+9-LTS-256"/>
    <property name="user.name" value="deenadayalanvaradharajan"/>
    <property name="path.separator" value=":"/>
    <property name="os.version" value="15.2"/>
    <property name="java.runtime.name" value="Java(TM) SE Runtime Environment"/>
    <property name="file.encoding" value="UTF-8"/>
    <property name="java.vm.name" value="Java HotSpot(TM) 64-Bit Server VM"/>
    <property name="java.vendor.version" value="18.9"/>
    <property name="localRepository" value="/Users/deenadayalanvaradharajan/.m2/repository"/>
    <property name="java.vendor.url.bug" value="https://bugreport.java.com/bugreport/"/>
    <property name="java.io.tmpdir" value="/var/folders/ld/r7ymbd2x77l_xpss7hn_7bn40000gn/T/"/>
    <property name="java.version" value="11.0.25"/>
    <property name="user.dir" value="/Users/deenadayalanvaradharajan/eclipse-workspace/helloworld3"/>
    <property name="os.arch" value="aarch64"/>
    <property name="java.vm.specification.name" value="Java Virtual Machine Specification"/>
    <property name="java.awt.printerjob" value="sun.lwawt.macosx.CPrinterJob"/>
    <property name="sun.os.patch.level" value="unknown"/>
    <property name="java.library.path" value="/Users/deenadayalanvaradharajan/Library/Java/Extensions:/Library/Java/Extensions:/Network/Library/Java/Extensions:/System/Library/Java/Extensions:/usr/lib/java:."/>
    <property name="java.vendor" value="Oracle Corporation"/>
    <property name="java.vm.info" value="mixed mode"/>
    <property name="java.vm.version" value="11.0.25+9-LTS-256"/>
    <property name="java.specification.maintenance.version" value="3"/>
    <property name="sun.io.unicode.encoding" value="UnicodeBig"/>
    <property name="java.class.version" value="55.0"/>
  </properties>
  <testcase name="shouldAnswerWithTrue" classname="com.mylab.helloworld3.AppTest" time="0.011"/>
</testsuite>